side: 0
start: 828
end: 640
len: 100
part: 479
sent: 50
kept: 50
push_start: 214
push_end: 330
keep_start: 828
keep_end: 640
keep above: 0
keep_below: 48
push above: 0
push below: 50
msg: push
ra
pb
pb
ra
ra
ra
ra
ra
pb
pb
ra
pb
pb
ra
ra
pb
ra
pb
pb
pb
ra
ra
pb
pb
ra
pb
pb
pb
pb
pb
ra
pb
ra
ra
ra
ra
ra
pb
ra
ra
ra
ra
pb
pb
ra
pb
pb
pb
pb
ra
pb
pb
ra
pb
pb
pb
ra
ra
pb
pb
ra
pb
pb
ra
pb
pb
pb
ra
ra
ra
ra
pb
ra
ra
ra
pb
pb
pb
ra
pb
pb
ra
pb
ra
ra
ra
ra
ra
pb
pb
pb
pb
ra
ra
ra
ra
pb
ra
pb
   stack a       stack b
   -------       -------
       640           330
       828           201
       524            99
       498           328
       894           185
       544           279
       904           446
       721           187
       908           332
       655           461
       642            14
       815            76
       499           337
       580            83
       504           228
       806           352
       503           146
       825            88
       870           116
       761            23
       911           441
       510            84
       990           276
       768            29
       585            77
       479           172
       846            60
       907           402
       610           263
       608           196
       939           415
       733           289
       959           198
       880           423
       574           204
       484           397
       497           304
       795           255
       624           284
       699            86
       877           115
       711            17
       790           156
       633           411
       531           215
       770           302
       839           340
       915           349
       881           222
       717           214
side: 0
start: 828
end: 640
len: 50
part: 733
sent: 25
kept: 25
push_start: 524
push_end: 640
keep_start: 828
keep_end: 881
keep above: 24
keep_below: 0
push above: 24
push below: 0
msg: push
pb
rra
pb
rra
rra
rra
rra
rra
pb
rra
pb
rra
rra
pb
rra
rra
pb
rra
pb
rra
rra
pb
rra
pb
rra
pb
rra
rra
rra
rra
rra
pb
rra
pb
rra
rra
rra
pb
rra
pb
rra
rra
rra
pb
rra
rra
rra
rra
rra
pb
rra
rra
pb
rra
pb
rra
pb
rra
rra
pb
rra
pb
rra
rra
pb
rra
rra
pb
rra
rra
pb
rra
pb
   stack a       stack b
   -------       -------
       894           524
       904           498
       908           544
       815           721
       806           655
       825           642
       870           499
       761           580
       911           504
       990           503
       768           510
       846           585
       907           479
       939           610
       733           608
       959           574
       880           484
       795           497
       877           624
       790           699
       770           711
       839           633
       915           531
       881           717
       828           640
                     330
                     201
                      99
                     328
                     185
                     279
                     446
                     187
                     332
                     461
                      14
                      76
                     337
                      83
                     228
                     352
                     146
                      88
                     116
                      23
                     441
                      84
                     276
                      29
                      77
                     172
                      60
                     402
                     263
                     196
                     415
                     289
                     198
                     423
                     204
                     397
                     304
                     255
                     284
                      86
                     115
                      17
                     156
                     411
                     215
                     302
                     340
                     349
                     222
                     214
side: 0
start: 828
end: 881
len: 25
part: 870
sent: 12
kept: 13
push_start: 828
push_end: 839
keep_start: 894
keep_end: 881
keep above: 0
keep_below: 10
push above: 1
push below: 11
msg: push
rra
pb
ra
ra
ra
pb
pb
pb
ra
pb
ra
ra
pb
pb
ra
ra
pb
ra
ra
pb
ra
pb
pb
pb
   stack a       stack b
   -------       -------
       915           839
       881           770
       894           790
       904           795
       908           733
       870           846
       911           768
       990           761
       907           825
       939           806
       959           815
       880           828
       877           524
                     498
                     544
                     721
                     655
                     642
                     499
                     580
                     504
                     503
                     510
                     585
                     479
                     610
                     608
                     574
                     484
                     497
                     624
                     699
                     711
                     633
                     531
                     717
                     640
                     330
                     201
                      99
                     328
                     185
                     279
                     446
                     187
                     332
                     461
                      14
                      76
                     337
                      83
                     228
                     352
                     146
                      88
                     116
                      23
                     441
                      84
                     276
                      29
                      77
                     172
                      60
                     402
                     263
                     196
                     415
                     289
                     198
                     423
                     204
                     397
                     304
                     255
                     284
                      86
                     115
                      17
                     156
                     411
                     215
                     302
                     340
                     349
                     222
                     214
side: 0
start: 894
end: 881
len: 13
part: 907
sent: 6
kept: 7
push_start: 894
push_end: 881
keep_start: 908
keep_end: 915
keep above: 6
keep_below: 0
push above: 5
push below: 1
msg: push
ra
pb
pb
   stack a       stack b
   -------       -------
       904           894
       908           881
       870           839
       911           770
       990           790
       907           795
       939           733
       959           846
       880           768
       877           761
       915           825
                     806
                     815
                     828
                     524
                     498
                     544
                     721
                     655
                     642
                     499
                     580
                     504
                     503
                     510
                     585
                     479
                     610
                     608
                     574
                     484
                     497
                     624
                     699
                     711
                     633
                     531
                     717
                     640
                     330
                     201
                      99
                     328
                     185
                     279
                     446
                     187
                     332
                     461
                      14
                      76
                     337
                      83
                     228
                     352
                     146
                      88
                     116
                      23
                     441
                      84
                     276
                      29
                      77
                     172
                      60
                     402
                     263
                     196
                     415
                     289
                     198
                     423
                     204
                     397
                     304
                     255
                     284
                      86
                     115
                      17
                     156
                     411
                     215
                     302
                     340
                     349
                     222
                     214
side: 0
start: 908
end: 959
len: 7
part: 911
sent: 3
kept: 4
push_start: 908
push_end: 907
keep_start: 911
keep_end: 959
keep above: 0
keep_below: 2
push above: 0
push below: 3
msg: push
pb
pb
pb
ra
ra
pb
   stack a       stack b
   -------       -------
       939           907
       959           870
       880           908
       877           904
       915           894
       911           881
       990           839
                     770
                     790
                     795
                     733
                     846
                     768
                     761
                     825
                     806
                     815
                     828
                     524
                     498
                     544
                     721
                     655
                     642
                     499
                     580
                     504
                     503
                     510
                     585
                     479
                     610
                     608
                     574
                     484
                     497
                     624
                     699
                     711
                     633
                     531
                     717
                     640
                     330
                     201
                      99
                     328
                     185
                     279
                     446
                     187
                     332
                     461
                      14
                      76
                     337
                      83
                     228
                     352
                     146
                      88
                     116
                      23
                     441
                      84
                     276
                      29
                      77
                     172
                      60
                     402
                     263
                     196
                     415
                     289
                     198
                     423
                     204
                     397
                     304
                     255
                     284
                      86
                     115
                      17
                     156
                     411
                     215
                     302
                     340
                     349
                     222
                     214
side: 0
start: 911
end: 959
len: 4
part: 959
sent: 2
kept: 2
push_start: 911
push_end: 939
keep_start: 990
keep_end: 959
keep above: 1
keep_below: 0
push above: 1
push below: 0
msg: push
pb
rra
rra
pb
   stack a       stack b
   -------       -------
       990           911
       959           939
       880           907
       877           870
       915           908
                     904
                     894
                     881
                     839
                     770
                     790
                     795
                     733
                     846
                     768
                     761
                     825
                     806
                     815
                     828
                     524
                     498
                     544
                     721
                     655
                     642
                     499
                     580
                     504
                     503
                     510
                     585
                     479
                     610
                     608
                     574
                     484
                     497
                     624
                     699
                     711
                     633
                     531
                     717
                     640
                     330
                     201
                      99
                     328
                     185
                     279
                     446
                     187
                     332
                     461
                      14
                      76
                     337
                      83
                     228
                     352
                     146
                      88
                     116
                      23
                     441
                      84
                     276
                      29
                      77
                     172
                      60
                     402
                     263
                     196
                     415
                     289
                     198
                     423
                     204
                     397
                     304
                     255
                     284
                      86
                     115
                      17
                     156
                     411
                     215
                     302
                     340
                     349
                     222
                     214
sa
   stack a       stack b
   -------       -------
       959           911
       990           939
       880           907
       877           870
       915           908
                     904
                     894
                     881
                     839
                     770
                     790
                     795
                     733
                     846
                     768
                     761
                     825
                     806
                     815
                     828
                     524
                     498
                     544
                     721
                     655
                     642
                     499
                     580
                     504
                     503
                     510
                     585
                     479
                     610
                     608
                     574
                     484
                     497
                     624
                     699
                     711
                     633
                     531
                     717
                     640
                     330
                     201
                      99
                     328
                     185
                     279
                     446
                     187
                     332
                     461
                      14
                      76
                     337
                      83
                     228
                     352
                     146
                      88
                     116
                      23
                     441
                      84
                     276
                      29
                      77
                     172
                      60
                     402
                     263
                     196
                     415
                     289
                     198
                     423
                     204
                     397
                     304
                     255
                     284
                      86
                     115
                      17
                     156
                     411
                     215
                     302
                     340
                     349
                     222
                     214
sb
pa
pa
   stack a       stack b
   -------       -------
       911           907
       939           870
       959           908
       990           904
       880           894
       877           881
       915           839
                     770
                     790
                     795
                     733
                     846
                     768
                     761
                     825
                     806
                     815
                     828
                     524
                     498
                     544
                     721
                     655
                     642
                     499
                     580
                     504
                     503
                     510
                     585
                     479
                     610
                     608
                     574
                     484
                     497
                     624
                     699
                     711
                     633
                     531
                     717
                     640
                     330
                     201
                      99
                     328
                     185
                     279
                     446
                     187
                     332
                     461
                      14
                      76
                     337
                      83
                     228
                     352
                     146
                      88
                     116
                      23
                     441
                      84
                     276
                      29
                      77
                     172
                      60
                     402
                     263
                     196
                     415
                     289
                     198
                     423
                     204
                     397
                     304
                     255
                     284
                      86
                     115
                      17
                     156
                     411
                     215
                     302
                     340
                     349
                     222
                     214
side: 1
start: 907
end: 908
len: 3
part: 907
sent: 1
kept: 2
push_start: 908
push_end: 908
keep_start: 907
keep_end: 870
keep above: 0
keep_below: 1
push above: 0
push below: 1
msg: push
rb
rb
pa
   stack a       stack b
   -------       -------
       908           904
       911           894
       939           881
       959           839
       990           770
       880           790
       877           795
       915           733
                     846
                     768
                     761
                     825
                     806
                     815
                     828
                     524
                     498
                     544
                     721
                     655
                     642
                     499
                     580
                     504
                     503
                     510
                     585
                     479
                     610
                     608
                     574
                     484
                     497
                     624
                     699
                     711
                     633
                     531
                     717
                     640
                     330
                     201
                      99
                     328
                     185
                     279
                     446
                     187
                     332
                     461
                      14
                      76
                     337
                      83
                     228
                     352
                     146
                      88
                     116
                      23
                     441
                      84
                     276
                      29
                      77
                     172
                      60
                     402
                     263
                     196
                     415
                     289
                     198
                     423
                     204
                     397
                     304
                     255
                     284
                      86
                     115
                      17
                     156
                     411
                     215
                     302
                     340
                     349
                     222
                     214
                     907
                     870
   stack a       stack b
   -------       -------
       908           904
       911           894
       939           881
       959           839
       990           770
       880           790
       877           795
       915           733
                     846
                     768
                     761
                     825
                     806
                     815
                     828
                     524
                     498
                     544
                     721
                     655
                     642
                     499
                     580
                     504
                     503
                     510
                     585
                     479
                     610
                     608
                     574
                     484
                     497
                     624
                     699
                     711
                     633
                     531
                     717
                     640
                     330
                     201
                      99
                     328
                     185
                     279
                     446
                     187
                     332
                     461
                      14
                      76
                     337
                      83
                     228
                     352
                     146
                      88
                     116
                      23
                     441
                      84
                     276
                      29
                      77
                     172
                      60
                     402
                     263
                     196
                     415
                     289
                     198
                     423
                     204
                     397
                     304
                     255
                     284
                      86
                     115
                      17
                     156
                     411
                     215
                     302
                     340
                     349
                     222
                     214
                     907
                     870
rrb
rrb
pa
pa
   stack a       stack b
   -------       -------
       870           904
       907           894
       908           881
       911           839
       939           770
       959           790
       990           795
       880           733
       877           846
       915           768
                     761
                     825
                     806
                     815
                     828
                     524
                     498
                     544
                     721
                     655
                     642
                     499
                     580
                     504
                     503
                     510
                     585
                     479
                     610
                     608
                     574
                     484
                     497
                     624
                     699
                     711
                     633
                     531
                     717
                     640
                     330
                     201
                      99
                     328
                     185
                     279
                     446
                     187
                     332
                     461
                      14
                      76
                     337
                      83
                     228
                     352
                     146
                      88
                     116
                      23
                     441
                      84
                     276
                      29
                      77
                     172
                      60
                     402
                     263
                     196
                     415
                     289
                     198
                     423
                     204
                     397
                     304
                     255
                     284
                      86
                     115
                      17
                     156
                     411
                     215
                     302
                     340
                     349
                     222
                     214
side: 1
start: 894
end: 795
len: 6
part: 795
sent: 3
kept: 3
push_start: 894
push_end: 839
keep_start: 770
keep_end: 795
keep above: 0
keep_below: 0
push above: 0
push below: 3
msg: push
pa
pa
pa
pa
   stack a       stack b
   -------       -------
       839           770
       881           790
       894           795
       904           733
       870           846
       907           768
       908           761
       911           825
       939           806
       959           815
       990           828
       880           524
       877           498
       915           544
                     721
                     655
                     642
                     499
                     580
                     504
                     503
                     510
                     585
                     479
                     610
                     608
                     574
                     484
                     497
                     624
                     699
                     711
                     633
                     531
                     717
                     640
                     330
                     201
                      99
                     328
                     185
                     279
                     446
                     187
                     332
                     461
                      14
                      76
                     337
                      83
                     228
                     352
                     146
                      88
                     116
                      23
                     441
                      84
                     276
                      29
                      77
                     172
                      60
                     402
                     263
                     196
                     415
                     289
                     198
                     423
                     204
                     397
                     304
                     255
                     284
                      86
                     115
                      17
                     156
                     411
                     215
                     302
                     340
                     349
                     222
                     214
   stack a       stack b
   -------       -------
       839           770
       881           790
       894           795
       904           733
       870           846
       907           768
       908           761
       911           825
       939           806
       959           815
       990           828
       880           524
       877           498
       915           544
                     721
                     655
                     642
                     499
                     580
                     504
                     503
                     510
                     585
                     479
                     610
                     608
                     574
                     484
                     497
                     624
                     699
                     711
                     633
                     531
                     717
                     640
                     330
                     201
                      99
                     328
                     185
                     279
                     446
                     187
                     332
                     461
                      14
                      76
                     337
                      83
                     228
                     352
                     146
                      88
                     116
                      23
                     441
                      84
                     276
                      29
                      77
                     172
                      60
                     402
                     263
                     196
                     415
                     289
                     198
                     423
                     204
                     397
                     304
                     255
                     284
                      86
                     115
                      17
                     156
                     411
                     215
                     302
                     340
                     349
                     222
                     214
side: 1
start: 770
end: 795
len: 3
part: 790
sent: 1
kept: 2
push_start: 795
push_end: 795
keep_start: 770
keep_end: 790
keep above: 0
keep_below: 1
push above: 0
push below: 1
msg: push
rb
rb
pa
   stack a       stack b
   -------       -------
       795           733
       839           846
       881           768
       894           761
       904           825
       870           806
       907           815
       908           828
       911           524
       939           498
       959           544
       990           721
       880           655
       877           642
       915           499
                     580
                     504
                     503
                     510
                     585
                     479
                     610
                     608
                     574
                     484
                     497
                     624
                     699
                     711
                     633
                     531
                     717
                     640
                     330
                     201
                      99
                     328
                     185
                     279
                     446
                     187
                     332
                     461
                      14
                      76
                     337
                      83
                     228
                     352
                     146
                      88
                     116
                      23
                     441
                      84
                     276
                      29
                      77
                     172
                      60
                     402
                     263
                     196
                     415
                     289
                     198
                     423
                     204
                     397
                     304
                     255
                     284
                      86
                     115
                      17
                     156
                     411
                     215
                     302
                     340
                     349
                     222
                     214
                     770
                     790
   stack a       stack b
   -------       -------
       795           733
       839           846
       881           768
       894           761
       904           825
       870           806
       907           815
       908           828
       911           524
       939           498
       959           544
       990           721
       880           655
       877           642
       915           499
                     580
                     504
                     503
                     510
                     585
                     479
                     610
                     608
                     574
                     484
                     497
                     624
                     699
                     711
                     633
                     531
                     717
                     640
                     330
                     201
                      99
                     328
                     185
                     279
                     446
                     187
                     332
                     461
                      14
                      76
                     337
                      83
                     228
                     352
                     146
                      88
                     116
                      23
                     441
                      84
                     276
                      29
                      77
                     172
                      60
                     402
                     263
                     196
                     415
                     289
                     198
                     423
                     204
                     397
                     304
                     255
                     284
                      86
                     115
                      17
                     156
                     411
                     215
                     302
                     340
                     349
                     222
                     214
                     770
                     790
rrb
rrb
sb
pa
pa
   stack a       stack b
   -------       -------
       770           733
       790           846
       795           768
       839           761
       881           825
       894           806
       904           815
       870           828
       907           524
       908           498
       911           544
       939           721
       959           655
       990           642
       880           499
       877           580
       915           504
                     503
                     510
                     585
                     479
                     610
                     608
                     574
                     484
                     497
                     624
                     699
                     711
                     633
                     531
                     717
                     640
                     330
                     201
                      99
                     328
                     185
                     279
                     446
                     187
                     332
                     461
                      14
                      76
                     337
                      83
                     228
                     352
                     146
                      88
                     116
                      23
                     441
                      84
                     276
                      29
                      77
                     172
                      60
                     402
                     263
                     196
                     415
                     289
                     198
                     423
                     204
                     397
                     304
                     255
                     284
                      86
                     115
                      17
                     156
                     411
                     215
                     302
                     340
                     349
                     222
                     214
